<?xml version="1.0" encoding="UTF-8"?>
<!-- Generated by org.testng.reporters.JUnitReportReporter -->
<testsuite hostname="Rabiya-Javaid-Malik" failures="0" tests="2" name="Test.GoogleSearch_Test" time="11.318" errors="0" timestamp="2022-08-13T14:34:18 PKT" skipped="0">
  <testcase classname="Test.GoogleSearch_Test" name="DarkTheme" time="5.636"/>
  <system-out/>
  <testcase classname="Test.GoogleSearch_Test" name="GoogleSearch" time="5.682"/>
  <system-out/>
</testsuite> <!-- Test.GoogleSearch_Test -->
